[ERROR] ILALAGAY KO LANG PO ITO UPANG MAGTANDA OK ISA PA PO O.A . | Loading default properties from tagger Library/FSPOST/filipino-left5words-owlqn2-distsim-pref6-inf2.tagger
Loading POS tagger from Library/FSPOST/filipino-left5words-owlqn2-distsim-pref6-inf2.tagger ... done [0.4 sec].
Exception in thread "main" java.lang.OutOfMemoryError: Java heap space
	at edu.stanford.nlp.sequences.ExactBestSequenceFinder.bestSequence(ExactBestSequenceFinder.java:130)
	at edu.stanford.nlp.sequences.ExactBestSequenceFinder.bestSequence(ExactBestSequenceFinder.java:37)
	at edu.stanford.nlp.tagger.maxent.TestSentence.runTagInference(TestSentence.java:341)
	at edu.stanford.nlp.tagger.maxent.TestSentence.testTagInference(TestSentence.java:328)
	at edu.stanford.nlp.tagger.maxent.TestSentence.tagSentence(TestSentence.java:151)
	at edu.stanford.nlp.tagger.maxent.MaxentTagger.tagSentence(MaxentTagger.java:1044)
	at edu.stanford.nlp.tagger.maxent.MaxentTagger.tagCoreLabelsOrHasWords(MaxentTagger.java:1835)
	at edu.stanford.nlp.tagger.maxent.MaxentTagger.tagAndOutputSentence(MaxentTagger.java:1845)
	at edu.stanford.nlp.tagger.maxent.MaxentTagger.runTagger(MaxentTagger.java:1756)
	at edu.stanford.nlp.tagger.maxent.MaxentTagger.runTagger(MaxentTagger.java:1817)
	at edu.stanford.nlp.tagger.maxent.MaxentTagger.runTagger(MaxentTagger.java:1590)
	at edu.stanford.nlp.tagger.maxent.MaxentTagger.runTagger(MaxentTagger.java:1546)
	at edu.stanford.nlp.tagger.maxent.MaxentTagger.main(MaxentTagger.java:1889)

[ERROR] BREAKING NEWS! 4-NA ANYOS NA BATA ANG NAILIGTAS MULA SA TILA KULUNGAN NG ASO AT NAKAKADINA PA...PANOORIN! - Viral News Portal May mga araw na sadyang hindi pangkaraniwan. | Loading default properties from tagger Library/FSPOST/filipino-left5words-owlqn2-distsim-pref6-inf2.tagger
Loading POS tagger from Library/FSPOST/filipino-left5words-owlqn2-distsim-pref6-inf2.tagger ... done [0.4 sec].
Exception in thread "main" java.lang.OutOfMemoryError: Java heap space
	at edu.stanford.nlp.sequences.ExactBestSequenceFinder.bestSequence(ExactBestSequenceFinder.java:129)
	at edu.stanford.nlp.sequences.ExactBestSequenceFinder.bestSequence(ExactBestSequenceFinder.java:37)
	at edu.stanford.nlp.tagger.maxent.TestSentence.runTagInference(TestSentence.java:341)
	at edu.stanford.nlp.tagger.maxent.TestSentence.testTagInference(TestSentence.java:328)
	at edu.stanford.nlp.tagger.maxent.TestSentence.tagSentence(TestSentence.java:151)
	at edu.stanford.nlp.tagger.maxent.MaxentTagger.tagSentence(MaxentTagger.java:1044)
	at edu.stanford.nlp.tagger.maxent.MaxentTagger.tagCoreLabelsOrHasWords(MaxentTagger.java:1835)
	at edu.stanford.nlp.tagger.maxent.MaxentTagger.tagAndOutputSentence(MaxentTagger.java:1845)
	at edu.stanford.nlp.tagger.maxent.MaxentTagger.runTagger(MaxentTagger.java:1756)
	at edu.stanford.nlp.tagger.maxent.MaxentTagger.runTagger(MaxentTagger.java:1817)
	at edu.stanford.nlp.tagger.maxent.MaxentTagger.runTagger(MaxentTagger.java:1590)
	at edu.stanford.nlp.tagger.maxent.MaxentTagger.runTagger(MaxentTagger.java:1546)
	at edu.stanford.nlp.tagger.maxent.MaxentTagger.main(MaxentTagger.java:1889)

[ERROR] Russian mga bituin upang madagdagan ang iyong dibdib Mabalahibo Matanda (Old) Matanda Lola (Granny) Bata(18+) Mais na kulay ang buhok Mas matandaPato kinantot ng Manok...... ay nangangahulugan ng pagbaba ng timbang mula sa Taylandiya Halos lahat ay nagsasabing pangit ang pelikula. | Loading default properties from tagger Library/FSPOST/filipino-left5words-owlqn2-distsim-pref6-inf2.tagger
Loading POS tagger from Library/FSPOST/filipino-left5words-owlqn2-distsim-pref6-inf2.tagger ... done [0.8 sec].
Exception in thread "main" java.lang.OutOfMemoryError: Java heap space
	at edu.stanford.nlp.sequences.ExactBestSequenceFinder.bestSequence(ExactBestSequenceFinder.java:129)
	at edu.stanford.nlp.sequences.ExactBestSequenceFinder.bestSequence(ExactBestSequenceFinder.java:37)
	at edu.stanford.nlp.tagger.maxent.TestSentence.runTagInference(TestSentence.java:341)
	at edu.stanford.nlp.tagger.maxent.TestSentence.testTagInference(TestSentence.java:328)
	at edu.stanford.nlp.tagger.maxent.TestSentence.tagSentence(TestSentence.java:151)
	at edu.stanford.nlp.tagger.maxent.MaxentTagger.tagSentence(MaxentTagger.java:1044)
	at edu.stanford.nlp.tagger.maxent.MaxentTagger.tagCoreLabelsOrHasWords(MaxentTagger.java:1835)
	at edu.stanford.nlp.tagger.maxent.MaxentTagger.tagAndOutputSentence(MaxentTagger.java:1845)
	at edu.stanford.nlp.tagger.maxent.MaxentTagger.runTagger(MaxentTagger.java:1756)
	at edu.stanford.nlp.tagger.maxent.MaxentTagger.runTagger(MaxentTagger.java:1817)
	at edu.stanford.nlp.tagger.maxent.MaxentTagger.runTagger(MaxentTagger.java:1590)
	at edu.stanford.nlp.tagger.maxent.MaxentTagger.runTagger(MaxentTagger.java:1546)
	at edu.stanford.nlp.tagger.maxent.MaxentTagger.main(MaxentTagger.java:1889)

